2026/07/12 23:33:36 Pressed key: d
2026/07/12 23:33:36 Pressed key: e
2026/07/12 23:33:36 Pressed key: f
2026/07/12 23:33:37 Pressed key: c
2026/07/12 23:33:37 Pressed key: o
2026/07/12 23:33:37 Pressed key: m
2026/07/12 23:33:37 Pressed key: p
2026/07/12 23:33:37 Pressed key: i
2026/07/12 23:33:37 Pressed key: l
2026/07/12 23:33:37 Pressed key: e
2026/07/12 23:33:37 Pressed key: (
2026/07/12 23:33:38 Pressed key: s
2026/07/12 23:33:38 Pressed key: t
2026/07/12 23:33:38 Pressed key: r
2026/07/12 23:33:38 Pressed key: i
2026/07/12 23:33:38 Pressed key: n
2026/07/12 23:33:38 Pressed key: g
2026/07/12 23:33:38 Pressed key: s
2026/07/12 23:33:38 Pressed key: ,
2026/07/12 23:33:39 Pressed key: b
2026/07/12 23:33:39 Pressed key: l
2026/07/12 23:33:39 Pressed key: a
2026/07/12 23:33:39 Pressed key: c
2026/07/12 23:33:39 Pressed key: k
2026/07/12 23:33:40 Pressed key: =
2026/07/12 23:33:40 Pressed key: "
2026/07/12 23:33:41 Pressed key: x
2026/07/12 23:33:41 Pressed key: "
2026/07/12 23:33:42 Pressed key: backspace
2026/07/12 23:33:42 Pressed key: backspace
2026/07/12 23:33:42 Pressed key: X
2026/07/12 23:33:42 Pressed key: '
2026/07/12 23:33:43 Pressed key: backspace
2026/07/12 23:33:43 Pressed key: "
2026/07/12 23:33:43 Pressed key: ,
2026/07/12 23:33:43 Pressed key: w
2026/07/12 23:33:43 Pressed key: h
2026/07/12 23:33:43 Pressed key: i
2026/07/12 23:33:44 Pressed key: t
2026/07/12 23:33:44 Pressed key: e
2026/07/12 23:33:44 Pressed key: =
2026/07/12 23:33:44 Pressed key: <
2026/07/12 23:33:45 Pressed key: backspace
2026/07/12 23:33:45 Pressed key: "
2026/07/12 23:33:46 Pressed key: .
2026/07/12 23:33:46 Pressed key: "
2026/07/12 23:33:47 Pressed key: ,
2026/07/12 23:33:47 Pressed key: x
2026/07/12 23:33:47 Pressed key: o
2026/07/12 23:33:48 Pressed key: r
2026/07/12 23:33:48 Pressed key: space
2026/07/12 23:33:48 Pressed key: backspace
2026/07/12 23:33:48 Pressed key: =
2026/07/12 23:33:48 Pressed key: "
2026/07/12 23:33:49 Pressed key: o
2026/07/12 23:33:50 Pressed key: "
2026/07/12 23:33:50 Pressed key: :
2026/07/12 23:33:50 Pressed key: backspace
2026/07/12 23:33:50 Pressed key: backspace
2026/07/12 23:33:51 Pressed key: '
2026/07/12 23:33:51 Pressed key: )
2026/07/12 23:33:52 Pressed key: backspace
2026/07/12 23:33:52 Pressed key: backspace
2026/07/12 23:33:52 Pressed key: '
2026/07/12 23:33:52 Pressed key: )
2026/07/12 23:33:53 Pressed key: :
2026/07/12 23:33:55 Pressed key: space
2026/07/12 23:33:56 Pressed key: backspace
2026/07/12 23:33:56 Pressed key: backspace
2026/07/12 23:33:58 Pressed key: #
2026/07/12 23:33:59 Pressed key: f
2026/07/12 23:33:59 Pressed key: i
2026/07/12 23:33:59 Pressed key: t
2026/07/12 23:33:59 Pressed key: r
2026/07/12 23:33:59 Pressed key: s
2026/07/12 23:33:59 Pressed key: backspace
2026/07/12 23:34:00 Pressed key: backspace
2026/07/12 23:34:00 Pressed key: backspace
2026/07/12 23:34:00 Pressed key: r
2026/07/12 23:34:00 Pressed key: s
2026/07/12 23:34:00 Pressed key: t
2026/07/12 23:34:00 Pressed key: c
2026/07/12 23:34:00 Pressed key: h
2026/07/12 23:34:00 Pressed key: e
2026/07/12 23:34:00 Pressed key: c
2026/07/12 23:34:01 Pressed key: k
2026/07/12 23:34:01 Pressed key: f
2026/07/12 23:34:01 Pressed key: o
2026/07/12 23:34:01 Pressed key: r
2026/07/12 23:34:01 Pressed key: c
2026/07/12 23:34:02 Pressed key: o
2026/07/12 23:34:02 Pressed key: n
2026/07/12 23:34:02 Pressed key: s
2026/07/12 23:34:02 Pressed key: i
2026/07/12 23:34:02 Pressed key: s
2026/07/12 23:34:02 Pressed key: t
2026/07/12 23:34:02 Pressed key: e
2026/07/12 23:34:02 Pressed key: n
2026/07/12 23:34:02 Pressed key: t
2026/07/12 23:34:03 Pressed key: l
2026/07/12 23:34:03 Pressed key: e
2026/07/12 23:34:03 Pressed key: n
2026/07/12 23:34:03 Pressed key: g
2026/07/12 23:34:03 Pressed key: t
2026/07/12 23:34:03 Pressed key: h
2026/07/12 23:34:03 Pressed key: s
2026/07/12 23:34:05 Pressed key: s
2026/07/12 23:34:05 Pressed key: i
2026/07/12 23:34:05 Pressed key: z
2026/07/12 23:34:05 Pressed key: e
2026/07/12 23:34:06 Pressed key: =
2026/07/12 23:34:06 Pressed key: ;
2026/07/12 23:34:06 Pressed key: l
2026/07/12 23:34:06 Pressed key: e
2026/07/12 23:34:07 Pressed key: backspace
2026/07/12 23:34:07 Pressed key: backspace
2026/07/12 23:34:07 Pressed key: backspace
2026/07/12 23:34:07 Pressed key: l
2026/07/12 23:34:07 Pressed key: e
2026/07/12 23:34:07 Pressed key: n
2026/07/12 23:34:07 Pressed key: space
2026/07/12 23:34:08 Pressed key: backspace
2026/07/12 23:34:08 Pressed key: (
2026/07/12 23:34:09 Pressed key: s
2026/07/12 23:34:09 Pressed key: t
2026/07/12 23:34:09 Pressed key: r
2026/07/12 23:34:09 Pressed key: i
2026/07/12 23:34:09 Pressed key: n
2026/07/12 23:34:09 Pressed key: g
2026/07/12 23:34:09 Pressed key: s
2026/07/12 23:34:09 Pressed key: space
2026/07/12 23:34:10 Pressed key: [
2026/07/12 23:34:10 Pressed key: backspace
2026/07/12 23:34:10 Pressed key: backspace
2026/07/12 23:34:10 Pressed key: backspace
2026/07/12 23:34:10 Pressed key: [
2026/07/12 23:34:11 Pressed key: backspace
2026/07/12 23:34:11 Pressed key: s
2026/07/12 23:34:11 Pressed key: [
2026/07/12 23:34:11 Pressed key: 0
2026/07/12 23:34:12 Pressed key: ]
2026/07/12 23:34:12 Pressed key: )
2026/07/12 23:34:13 Pressed key: ,
2026/07/12 23:34:13 Pressed key: l
2026/07/12 23:34:13 Pressed key: e
2026/07/12 23:34:13 Pressed key: n
2026/07/12 23:34:14 Pressed key: s
2026/07/12 23:34:14 Pressed key: t
2026/07/12 23:34:14 Pressed key: backspace
2026/07/12 23:34:14 Pressed key: backspace
2026/07/12 23:34:14 Pressed key: (
2026/07/12 23:34:15 Pressed key: s
2026/07/12 23:34:15 Pressed key: t
2026/07/12 23:34:15 Pressed key: r
2026/07/12 23:34:15 Pressed key: i
2026/07/12 23:34:15 Pressed key: n
2026/07/12 23:34:15 Pressed key: g
2026/07/12 23:34:15 Pressed key: s
2026/07/12 23:34:16 Pressed key: )
2026/07/12 23:34:17 Pressed key: i
2026/07/12 23:34:17 Pressed key: f
2026/07/12 23:34:18 Pressed key: s
2026/07/12 23:34:18 Pressed key: i
2026/07/12 23:34:18 Pressed key: z
2026/07/12 23:34:18 Pressed key: e
2026/07/12 23:34:18 Pressed key: [
2026/07/12 23:34:19 Pressed key: 0
2026/07/12 23:34:19 Pressed key: ]
2026/07/12 23:34:22 Pressed key: &
2026/07/12 23:34:23 Pressed key: backspace
2026/07/12 23:34:23 Pressed key: backspace
2026/07/12 23:34:24 Pressed key: space
2026/07/12 23:34:25 Pressed key: backspace
2026/07/12 23:34:25 Pressed key: ]
2026/07/12 23:34:26 Pressed key: %
2026/07/12 23:34:27 Pressed key: 8
2026/07/12 23:34:28 Pressed key: o
2026/07/12 23:34:28 Pressed key: r
2026/07/12 23:34:29 Pressed key: s
2026/07/12 23:34:29 Pressed key: i
2026/07/12 23:34:29 Pressed key: z
2026/07/12 23:34:29 Pressed key: e
2026/07/12 23:34:29 Pressed key: [
2026/07/12 23:34:30 Pressed key: 1
2026/07/12 23:34:30 Pressed key: ]
2026/07/12 23:34:31 Pressed key: %
2026/07/12 23:34:32 Pressed key: 4
2026/07/12 23:34:32 Pressed key: 3
2026/07/12 23:34:34 Pressed key: backspace
2026/07/12 23:34:35 Pressed key: backspace
2026/07/12 23:34:36 Pressed key: backspace
2026/07/12 23:34:37 Pressed key: backspace
2026/07/12 23:34:37 Pressed key: backspace
2026/07/12 23:34:38 Pressed key: backspace
2026/07/12 23:34:38 Pressed key: backspace
2026/07/12 23:34:38 Pressed key: backspace
2026/07/12 23:34:39 Pressed key: backspace
2026/07/12 23:34:39 Pressed key: backspace
2026/07/12 23:34:39 Pressed key: backspace
2026/07/12 23:34:39 Pressed key: backspace
2026/07/12 23:34:39 Pressed key: backspace
2026/07/12 23:34:40 Pressed key: i
2026/07/12 23:34:40 Pressed key: o
2026/07/12 23:34:40 Pressed key: a
2026/07/12 23:34:40 Pressed key: i
2026/07/12 23:34:40 Pressed key: s
2026/07/12 23:34:40 Pressed key: backspace
2026/07/12 23:34:41 Pressed key: ctrl+w
2026/07/12 23:34:41 Pressed key: backspace
2026/07/12 23:34:41 Pressed key: backspace
2026/07/12 23:34:41 Pressed key: backspace
2026/07/12 23:34:42 Pressed key: backspace
2026/07/12 23:34:42 Pressed key: backspace
2026/07/12 23:34:42 Pressed key: r
2026/07/12 23:34:42 Pressed key: a
2026/07/12 23:34:42 Pressed key: i
2026/07/12 23:34:42 Pressed key: s
2026/07/12 23:34:42 Pressed key: e
2026/07/12 23:34:43 Pressed key: V
2026/07/12 23:34:43 Pressed key: a
2026/07/12 23:34:43 Pressed key: l
2026/07/12 23:34:43 Pressed key: u
2026/07/12 23:34:43 Pressed key: e
2026/07/12 23:34:43 Pressed key: space
2026/07/12 23:34:44 Pressed key: backspace
2026/07/12 23:34:44 Pressed key: E
2026/07/12 23:34:44 Pressed key: r
2026/07/12 23:34:44 Pressed key: r
2026/07/12 23:34:44 Pressed key: o
2026/07/12 23:34:44 Pressed key: r
2026/07/12 23:34:45 Pressed key: (
2026/07/12 23:34:45 Pressed key: f
2026/07/12 23:34:46 Pressed key: "
2026/07/12 23:34:46 Pressed key: c
2026/07/12 23:34:46 Pressed key: x
2026/07/12 23:34:46 Pressed key: u
2026/07/12 23:34:47 Pressed key: backspace
2026/07/12 23:34:47 Pressed key: backspace
2026/07/12 23:34:47 Pressed key: backspace
2026/07/12 23:34:47 Pressed key: c
2026/07/12 23:34:47 Pressed key: u
2026/07/12 23:34:48 Pressed key: r
2026/07/12 23:34:48 Pressed key: s
2026/07/12 23:34:48 Pressed key: o
2026/07/12 23:34:48 Pressed key: r
2026/07/12 23:34:49 Pressed key: s
2026/07/12 23:34:49 Pressed key: t
2026/07/12 23:34:49 Pressed key: r
2026/07/12 23:34:49 Pressed key: e
2026/07/12 23:34:49 Pressed key: i
2026/07/12 23:34:49 Pressed key: n
2026/07/12 23:34:49 Pressed key: backspace
2026/07/12 23:34:49 Pressed key: backspace
2026/07/12 23:34:50 Pressed key: backspace
2026/07/12 23:34:50 Pressed key: backspace
2026/07/12 23:34:50 Pressed key: r
2026/07/12 23:34:50 Pressed key: i
2026/07/12 23:34:50 Pressed key: n
2026/07/12 23:34:50 Pressed key: g
2026/07/12 23:34:50 Pressed key: space
2026/07/12 23:34:51 Pressed key: i
2026/07/12 23:34:51 Pressed key: backspace
2026/07/12 23:34:51 Pressed key: backspace
2026/07/12 23:34:51 Pressed key: s
2026/07/12 23:34:51 Pressed key: i
2026/07/12 23:34:52 Pressed key: z
2026/07/12 23:34:52 Pressed key: e
2026/07/12 23:34:52 Pressed key: s
2026/07/12 23:34:52 Pressed key: m
2026/07/12 23:34:52 Pressed key: u
2026/07/12 23:34:52 Pressed key: s
2026/07/12 23:34:53 Pressed key: t
2026/07/12 23:34:53 Pressed key: b
2026/07/12 23:34:53 Pressed key: e
2026/07/12 23:34:53 Pressed key: d
2026/07/12 23:34:53 Pressed key: f
2026/07/12 23:34:54 Pressed key: backspace
2026/07/12 23:34:54 Pressed key: i
2026/07/12 23:34:54 Pressed key: v
2026/07/12 23:34:54 Pressed key: i
2026/07/12 23:34:54 Pressed key: s
2026/07/12 23:34:54 Pressed key: i
2026/07/12 23:34:55 Pressed key: b
2026/07/12 23:34:55 Pressed key: l
2026/07/12 23:34:55 Pressed key: e
2026/07/12 23:34:55 Pressed key: b
2026/07/12 23:34:55 Pressed key: y
2026/07/12 23:34:56 Pressed key: 4
2026/07/12 23:34:56 Pressed key: backspace
2026/07/12 23:34:57 Pressed key: backspace
2026/07/12 23:34:57 Pressed key: y
2026/07/12 23:34:58 Pressed key: 8
2026/07/12 23:34:59 Pressed key: [
2026/07/12 23:34:59 Pressed key: {
2026/07/12 23:35:00 Pressed key: backspace
2026/07/12 23:35:00 Pressed key: backspace
2026/07/12 23:35:00 Pressed key: {
2026/07/12 23:35:01 Pressed key: s
2026/07/12 23:35:01 Pressed key: i
2026/07/12 23:35:01 Pressed key: z
2026/07/12 23:35:01 Pressed key: e
2026/07/12 23:35:01 Pressed key: }
2026/07/12 23:35:02 Pressed key: "
2026/07/12 23:35:03 Pressed key: )
2026/07/12 23:35:06 Pressed key: space
2026/07/12 23:35:06 Pressed key: backspace
2026/07/12 23:35:06 Pressed key: f
2026/07/12 23:35:07 Pressed key: i
2026/07/12 23:35:07 Pressed key: r
2026/07/12 23:35:07 Pressed key: backspace
2026/07/12 23:35:07 Pressed key: backspace
2026/07/12 23:35:07 Pressed key: backspace
2026/07/12 23:35:07 Pressed key: o
2026/07/12 23:35:08 Pressed key: r
2026/07/12 23:35:08 Pressed key: space
2026/07/12 23:35:08 Pressed key: backspace
2026/07/12 23:35:08 Pressed key: backspace
2026/07/12 23:35:08 Pressed key: backspace
2026/07/12 23:35:09 Pressed key: f
2026/07/12 23:35:09 Pressed key: o
2026/07/12 23:35:09 Pressed key: r
2026/07/12 23:35:09 Pressed key: s
2026/07/12 23:35:09 Pressed key: i
2026/07/12 23:35:10 Pressed key: n
2026/07/12 23:35:10 Pressed key: s
2026/07/12 23:35:10 Pressed key: t
2026/07/12 23:35:10 Pressed key: r
2026/07/12 23:35:10 Pressed key: i
2026/07/12 23:35:10 Pressed key: n
2026/07/12 23:35:10 Pressed key: g
2026/07/12 23:35:10 Pressed key: s
2026/07/12 23:35:11 Pressed key: s
2026/07/12 23:35:11 Pressed key: backspace
2026/07/12 23:35:11 Pressed key: [
2026/07/12 23:35:11 Pressed key: 1
2026/07/12 23:35:12 Pressed key: :
2026/07/12 23:35:13 Pressed key: ]
2026/07/12 23:35:14 Pressed key: :
2026/07/12 23:35:19 Pressed key: i
2026/07/12 23:35:20 Pressed key: f
2026/07/12 23:35:20 Pressed key: l
2026/07/12 23:35:20 Pressed key: e
2026/07/12 23:35:20 Pressed key: n
2026/07/12 23:35:21 Pressed key: (
2026/07/12 23:35:21 Pressed key: s
2026/07/12 23:35:21 Pressed key: d
2026/07/12 23:35:22 Pressed key: )
2026/07/12 23:35:22 Pressed key: backspace
2026/07/12 23:35:22 Pressed key: backspace
2026/07/12 23:35:23 Pressed key: backspace
2026/07/12 23:35:23 Pressed key: s
2026/07/12 23:35:23 Pressed key: )
2026/07/12 23:35:24 Pressed key: !
2026/07/12 23:35:25 Pressed key: -
2026/07/12 23:35:25 Pressed key: =
2026/07/12 23:35:25 Pressed key: backspace
2026/07/12 23:35:26 Pressed key: backspace
2026/07/12 23:35:26 Pressed key: =
2026/07/12 23:35:26 Pressed key: s
2026/07/12 23:35:26 Pressed key: i
2026/07/12 23:35:27 Pressed key: z
2026/07/12 23:35:27 Pressed key: e
2026/07/12 23:35:27 Pressed key: space
2026/07/12 23:35:27 Pressed key: backspace
2026/07/12 23:35:27 Pressed key: [
2026/07/12 23:35:28 Pressed key: 0
2026/07/12 23:35:28 Pressed key: ]
2026/07/12 23:35:35 Pressed key: '
2026/07/12 23:35:40 Pressed key: e
2026/07/12 23:35:40 Pressed key: f
2026/07/12 23:35:40 Pressed key: e
2026/07/12 23:35:40 Pressed key: f
2026/07/12 23:35:40 Pressed key: j
2026/07/12 23:35:40 Pressed key: f
2026/07/12 23:35:40 Pressed key: j
2026/07/12 23:35:40 Pressed key: p
2026/07/12 23:35:40 Pressed key: e
2026/07/12 23:35:40 Pressed key: i
2026/07/12 23:35:40 Pressed key: o
2026/07/12 23:35:40 Pressed key: j
2026/07/12 23:35:40 Pressed key: f
2026/07/12 23:35:40 Pressed key: e
2026/07/12 23:35:40 Pressed key: j
2026/07/12 23:35:40 Pressed key: f
2026/07/12 23:35:40 Pressed key: i
2026/07/12 23:35:40 Pressed key: o
2026/07/12 23:35:41 Pressed key: f
2026/07/12 23:35:41 Pressed key: j
2026/07/12 23:35:41 Pressed key: o
2026/07/12 23:35:41 Pressed key: i
2026/07/12 23:35:41 Pressed key: J
2026/07/12 23:35:41 Pressed key: O
2026/07/12 23:35:41 Pressed key: V
2026/07/12 23:35:41 Pressed key: I
2026/07/12 23:35:41 Pressed key: J
2026/07/12 23:35:41 Pressed key: a
2026/07/12 23:35:41 Pressed key: o
2026/07/12 23:35:41 Pressed key: i
2026/07/12 23:35:41 Pressed key: j
2026/07/12 23:35:41 Pressed key: a
2026/07/12 23:35:41 Pressed key: o
2026/07/12 23:35:41 Pressed key: j
2026/07/12 23:35:41 Pressed key: v
2026/07/12 23:35:41 Pressed key: f
2026/07/12 23:35:41 Pressed key: o
2026/07/12 23:35:41 Pressed key: a
2026/07/12 23:35:41 Pressed key: i
2026/07/12 23:35:41 Pressed key: j
2026/07/12 23:35:41 Pressed key: v
2026/07/12 23:35:42 Pressed key: a
2026/07/12 23:35:42 Pressed key: o
2026/07/12 23:35:42 Pressed key: i
2026/07/12 23:35:42 Pressed key: v
2026/07/12 23:35:42 Pressed key: A
2026/07/12 23:35:42 Pressed key: '
2026/07/12 23:35:42 Pressed key: v
2026/07/12 23:35:42 Pressed key: p
2026/07/12 23:35:42 Pressed key: i
2026/07/12 23:35:42 Pressed key: o
2026/07/12 23:35:42 Pressed key: j
2026/07/12 23:35:42 Pressed key: a
2026/07/12 23:35:42 Pressed key: ;
2026/07/12 23:35:42 Pressed key: k
2026/07/12 23:35:42 Pressed key: w
2026/07/12 23:35:42 Pressed key: j
2026/07/12 23:35:42 Pressed key: m
2026/07/12 23:35:42 Pressed key: f
2026/07/12 23:35:42 Pressed key: n
2026/07/12 23:35:42 Pressed key: ;
2026/07/12 23:35:42 Pressed key: k
2026/07/12 23:35:42 Pressed key: e
2026/07/12 23:35:42 Pressed key: j
2026/07/12 23:35:42 Pressed key: ;
2026/07/12 23:35:42 Pressed key: l
2026/07/12 23:35:42 Pressed key: k
2026/07/12 23:35:43 Pressed key: j
2026/07/12 23:35:43 Pressed key: j
2026/07/12 23:35:43 Pressed key: f
2026/07/12 23:35:43 Pressed key: :
2026/07/12 23:35:43 Pressed key: L
2026/07/12 23:35:43 Pressed key: E
2026/07/12 23:35:43 Pressed key: K
2026/07/12 23:35:43 Pressed key: j
2026/07/12 23:35:43 Pressed key: j
2026/07/12 23:35:43 Pressed key: ;
2026/07/12 23:35:43 Pressed key: l
2026/07/12 23:35:43 Pressed key: k
2026/07/12 23:35:43 Pressed key: f
2026/07/12 23:35:43 Pressed key: d
2026/07/12 23:35:43 Pressed key: ;
2026/07/12 23:35:43 Pressed key: s
2026/07/12 23:35:43 Pressed key: l
2026/07/12 23:35:43 Pressed key: k
2026/07/12 23:35:43 Pressed key: j
2026/07/12 23:35:43 Pressed key: s
2026/07/12 23:35:43 Pressed key: d
2026/07/12 23:35:43 Pressed key: f
2026/07/12 23:35:43 Pressed key: ;
2026/07/12 23:35:43 Pressed key: k
2026/07/12 23:35:43 Pressed key: j
2026/07/12 23:35:44 Pressed key: h
2026/07/12 23:35:44 Pressed key: n
2026/07/12 23:35:44 Pressed key: a
2026/07/12 23:35:44 Pressed key: e
2026/07/12 23:35:44 Pressed key: d
2026/07/12 23:35:44 Pressed key: .
2026/07/12 23:35:44 Pressed key: a
2026/07/12 23:35:44 Pressed key: ,
2026/07/12 23:35:44 Pressed key: f
2026/07/12 23:35:44 Pressed key: m
2026/07/12 23:35:44 Pressed key: d
2026/07/12 23:35:44 Pressed key: n
2026/07/12 23:35:44 Pressed key: a
2026/07/12 23:35:44 Pressed key: w
2026/07/12 23:35:44 Pressed key: e
2026/07/12 23:35:44 Pressed key: d
2026/07/12 23:35:44 Pressed key: .
2026/07/12 23:35:44 Pressed key: ,
2026/07/12 23:35:44 Pressed key: m
2026/07/12 23:35:44 Pressed key: W
2026/07/12 23:35:44 Pressed key: A
2026/07/12 23:35:44 Pressed key: N
2026/07/12 23:35:44 Pressed key: f
2026/07/12 23:35:44 Pressed key: ,
2026/07/12 23:35:44 Pressed key: m
2026/07/12 23:35:44 Pressed key: a
2026/07/12 23:35:44 Pressed key: n
2026/07/12 23:35:44 Pressed key: f
2026/07/12 23:35:44 Pressed key: d
2026/07/12 23:35:44 Pressed key: ,
2026/07/12 23:35:44 Pressed key: m
2026/07/12 23:35:45 Pressed key: a
2026/07/12 23:35:45 Pressed key: n
2026/07/12 23:35:45 Pressed key: w
2026/07/12 23:35:45 Pressed key: ,
2026/07/12 23:35:45 Pressed key: n
2026/07/12 23:35:45 Pressed key: f
2026/07/12 23:35:45 Pressed key: m
2026/07/12 23:35:45 Pressed key: f
2026/07/12 23:35:45 Pressed key: n
2026/07/12 23:35:46 Pressed key: s
2026/07/12 23:35:46 Pressed key: backspace
2026/07/12 23:35:47 Pressed key: i
2026/07/12 23:35:47 Pressed key: t
2026/07/12 23:35:47 Pressed key: e
2026/07/12 23:35:47 Pressed key: m
2026/07/12 23:35:47 Pressed key: s
2026/07/12 23:35:47 Pressed key: space
2026/07/12 23:35:48 Pressed key: i
2026/07/12 23:35:48 Pressed key: l
2026/07/12 23:35:49 Pressed key: l
2026/07/12 23:35:49 Pressed key: i
2026/07/12 23:35:50 Pressed key: t
2026/07/12 23:35:50 Pressed key: e
2026/07/12 23:35:50 Pressed key: m
2026/07/12 23:35:51 Pressed key: space
2026/07/12 23:35:51 Pressed key: space
2026/07/12 23:35:51 Pressed key: 0
2026/07/12 23:35:54 Pressed key: s
2026/07/12 23:35:54 Pressed key: t
2026/07/12 23:35:54 Pressed key: e
2026/07/12 23:35:55 Pressed key: p
2026/07/12 23:35:55 Pressed key: =
2026/07/12 23:35:56 Pressed key: 9
2026/07/12 23:35:56 Pressed key: i
2026/07/12 23:35:56 Pressed key: j
2026/07/12 23:35:56 Pressed key: f
2026/07/12 23:35:57 Pressed key: space
2026/07/12 23:35:57 Pressed key: u
2026/07/12 23:35:57 Pressed key: n
2026/07/12 23:35:58 Pressed key: s
2026/07/12 23:35:58 Pressed key: t
2026/07/12 23:35:58 Pressed key: r
2026/07/12 23:35:58 Pressed key: i
2026/07/12 23:35:58 Pressed key: n
2026/07/12 23:35:58 Pressed key: g
2026/07/12 23:35:58 Pressed key: s
2026/07/12 23:35:58 Pressed key: space
2026/07/12 23:36:00 Pressed key: r
2026/07/12 23:36:01 Pressed key: backspace
2026/07/12 23:36:01 Pressed key: f
2026/07/12 23:36:01 Pressed key: o
2026/07/12 23:36:01 Pressed key: r
2026/07/12 23:36:02 Pressed key: c
2026/07/12 23:36:02 Pressed key: i
2026/07/12 23:36:02 Pressed key: n
2026/07/12 23:36:02 Pressed key: s
2026/07/12 23:36:03 Pressed key: :
2026/07/12 23:36:06 Pressed key: c
2026/07/12 23:36:06 Pressed key: backspace
2026/07/12 23:36:06 Pressed key: m
2026/07/12 23:36:06 Pressed key: a
2026/07/12 23:36:07 Pressed key: s
2026/07/12 23:36:07 Pressed key: k
2026/07/12 23:36:07 Pressed key: i
2026/07/12 23:36:07 Pressed key: t
2026/07/12 23:36:07 Pressed key: e
2026/07/12 23:36:07 Pressed key: m
2026/07/12 23:36:08 Pressed key: =
2026/07/12 23:36:08 Pressed key: m
2026/07/12 23:36:08 Pressed key: a
2026/07/12 23:36:08 Pressed key: s
2026/07/12 23:36:09 Pressed key: k
2026/07/12 23:36:09 Pressed key: t
2026/07/12 23:36:09 Pressed key: i
2026/07/12 23:36:10 Pressed key: backspace
2026/07/12 23:36:10 Pressed key: backspace
2026/07/12 23:36:10 Pressed key: i
2026/07/12 23:36:10 Pressed key: t
2026/07/12 23:36:10 Pressed key: e
2026/07/12 23:36:10 Pressed key: m
2026/07/12 23:36:11 Pressed key: <
2026/07/12 23:36:11 Pressed key: M
2026/07/12 23:36:11 Pressed key: 1
2026/07/12 23:36:12 Pressed key: w
2026/07/12 23:36:12 Pressed key: j
2026/07/12 23:36:12 Pressed key: f
2026/07/12 23:36:12 Pressed key: m
2026/07/12 23:36:12 Pressed key: ,
2026/07/12 23:36:12 Pressed key: a
2026/07/12 23:36:12 Pressed key: n
2026/07/12 23:36:12 Pressed key: f
2026/07/12 23:36:13 Pressed key: ,
2026/07/12 23:36:13 Pressed key: w
2026/07/12 23:36:13 Pressed key: n
2026/07/12 23:36:13 Pressed key: f
2026/07/12 23:36:13 Pressed key: w
2026/07/12 23:36:13 Pressed key: f
2026/07/12 23:36:13 Pressed key: i
2026/07/12 23:36:13 Pressed key: o
2026/07/12 23:36:13 Pressed key: w
2026/07/12 23:36:13 Pressed key: j
2026/07/12 23:36:13 Pressed key: f
2026/07/12 23:36:13 Pressed key: w
2026/07/12 23:40:45 Pressed key: ctrl+c
